c:\users\rafae\documents\github\ravatarplugin\ravatarplugin\release\vc141.pdb
c:\users\rafae\documents\github\ravatarplugin\ravatarplugin\release\texture.obj
c:\users\rafae\documents\github\ravatarplugin\ravatarplugin\release\shader.obj
c:\users\rafae\documents\github\ravatarplugin\ravatarplugin\release\program.obj
c:\users\rafae\documents\github\ravatarplugin\ravatarplugin\release\framebuffer.obj
c:\users\rafae\documents\github\ravatarplugin\ravatarplugin\release\camera.obj
c:\users\rafae\documents\github\ravatarplugin\ravatarplugin\release\bitmap.obj
c:\users\rafae\documents\github\ravatarplugin\ravatarplugin\release\rvldecoder.obj
c:\users\rafae\documents\github\ravatarplugin\ravatarplugin\release\pcplugin.obj
c:\users\rafae\documents\github\ravatarplugin\ravatarplugin\release\ffdecoder.obj
c:\users\rafae\documents\github\ravatarplugin\ravatarplugin\release\glm.obj
c:\users\rafae\documents\github\ravatarplugin\ravatarplugin\release\dummy.obj
c:\users\rafae\documents\github\ravatarplugin\ravatarplugin\release\nvhwencoder.obj
c:\users\rafae\documents\github\ravatarplugin\ravatarplugin\release\dynlink_nvcuvid.obj
c:\users\rafae\documents\github\ravatarplugin\ravatarplugin\release\dynlink_cuda.obj
c:\users\rafae\documents\github\ravatarplugin\ravatarplugin\release\platform_windows.obj
c:\users\rafae\documents\github\ravatarplugin\ravatarplugin\release\glew.obj
c:\users\rafae\documents\github\ravatarplugin\ravatarplugin\release\ravatarplugin.tlog\cl.command.1.tlog
c:\users\rafae\documents\github\ravatarplugin\ravatarplugin\release\ravatarplugin.tlog\cl.read.1.tlog
c:\users\rafae\documents\github\ravatarplugin\ravatarplugin\release\ravatarplugin.tlog\cl.write.1.tlog
c:\users\rafae\documents\github\ravatarplugin\ravatarplugin\release\ravatarplugin.tlog\link.command.1.tlog
c:\users\rafae\documents\github\ravatarplugin\ravatarplugin\release\ravatarplugin.tlog\link.delete.1.tlog
c:\users\rafae\documents\github\ravatarplugin\ravatarplugin\release\ravatarplugin.tlog\link.read.1.tlog
c:\users\rafae\documents\github\ravatarplugin\ravatarplugin\release\ravatarplugin.tlog\link.write.1.tlog
