  PCPlugin.cpp
  GLM: rotate function taking degrees as a parameter is deprecated. #define GLM_FORCE_RADIANS before including GLM headers to remove this message.
  GLM: rotate_slow function taking degrees as a parameter is deprecated. #define GLM_FORCE_RADIANS before including GLM headers to remove this message.
  GLM: perspective function taking degrees as a parameter is deprecated. #define GLM_FORCE_RADIANS before including GLM headers to remove this message.
  GLM: perspectiveFov function taking degrees as a parameter is deprecated. #define GLM_FORCE_RADIANS before including GLM headers to remove this message.
  GLM: infinitePerspective function taking degrees as a parameter is deprecated. #define GLM_FORCE_RADIANS before including GLM headers to remove this message.
  GLM: tweakedInfinitePerspective function taking degrees as a parameter is deprecated. #define GLM_FORCE_RADIANS before including GLM headers to remove this message.
c:\users\rafae\documents\github\ravatarplugin\ravatarplugin\PCPlugin.h(47): warning C4190: 'initPlugin' has C-linkage specified, but returns UDT 'std::basic_string<char,std::char_traits<char>,std::allocator<char>>' which is incompatible with C
  C:\Program Files (x86)\Microsoft Visual Studio\2017\Community\VC\Tools\MSVC\14.12.25827\include\xstring(4054): note: see declaration of 'std::basic_string<char,std::char_traits<char>,std::allocator<char>>'
PCPlugin.cpp(6): warning C4190: 'initPlugin' has C-linkage specified, but returns UDT 'std::basic_string<char,std::char_traits<char>,std::allocator<char>>' which is incompatible with C
  C:\Program Files (x86)\Microsoft Visual Studio\2017\Community\VC\Tools\MSVC\14.12.25827\include\xstring(4054): note: see declaration of 'std::basic_string<char,std::char_traits<char>,std::allocator<char>>'
PCPlugin.cpp(222): warning C4018: '<': signed/unsigned mismatch
PCPlugin.cpp(223): warning C4018: '<': signed/unsigned mismatch
PCPlugin.cpp(246): warning C4018: '<': signed/unsigned mismatch
PCPlugin.cpp(248): warning C4018: '<': signed/unsigned mismatch
PCPlugin.cpp(251): warning C4018: '<': signed/unsigned mismatch
PCPlugin.cpp(254): warning C4018: '<': signed/unsigned mismatch
     Creating library C:\Users\rafae\Documents\GitHub\RavatarPlugin\Release\RavatarPlugin.lib and object C:\Users\rafae\Documents\GitHub\RavatarPlugin\Release\RavatarPlugin.exp
  Generating code
  4 of 1576 functions ( 0.3%) were compiled, the rest were copied from previous compilation.
    0 functions were new in current compilation
    8 functions had inline decision re-evaluated but remain unchanged
  Finished generating code
  RavatarPlugin.vcxproj -> C:\Users\rafae\Documents\GitHub\RavatarPlugin\Release\RavatarPlugin.dll
