c:\users\rafae\documents\github\creepytracker\ravatar-plugin\ravatarplugin\x64\release\vc141.pdb
c:\users\rafae\documents\github\creepytracker\ravatar-plugin\ravatarplugin\x64\release\rvldecoder.obj
c:\users\rafae\documents\github\creepytracker\ravatar-plugin\ravatarplugin\x64\release\pcplugin.obj
c:\users\rafae\documents\github\creepytracker\ravatar-plugin\ravatarplugin\x64\release\lodepng.obj
c:\users\rafae\documents\github\creepytracker\ravatar-plugin\ravatarplugin\x64\release\ffdecoder.obj
c:\users\rafae\documents\github\creepytracker\ravatar-plugin\ravatarplugin\x64\release\cloudnetworkreader.obj
c:\users\rafae\documents\github\creepytracker\ravatar-plugin\ravatarplugin\x64\release\cloudlocalreader.obj
c:\users\rafae\documents\github\creepytracker\ravatar-plugin\x64\release\ravatarplugin.dll
c:\users\rafae\documents\github\creepytracker\ravatar-plugin\x64\release\ravatarplugin.pdb
c:\users\rafae\documents\github\creepytracker\ravatar-plugin\x64\release\ravatarplugin.lib
c:\users\rafae\documents\github\creepytracker\ravatar-plugin\x64\release\ravatarplugin.exp
c:\users\rafae\documents\github\creepytracker\ravatar-plugin\x64\release\ravatarplugin.ipdb
c:\users\rafae\documents\github\creepytracker\ravatar-plugin\x64\release\ravatarplugin.iobj
c:\users\rafae\documents\github\creepytracker\ravatar-plugin\ravatarplugin\x64\release\ravatarplugin.tlog\cl.command.1.tlog
c:\users\rafae\documents\github\creepytracker\ravatar-plugin\ravatarplugin\x64\release\ravatarplugin.tlog\cl.read.1.tlog
c:\users\rafae\documents\github\creepytracker\ravatar-plugin\ravatarplugin\x64\release\ravatarplugin.tlog\cl.write.1.tlog
c:\users\rafae\documents\github\creepytracker\ravatar-plugin\ravatarplugin\x64\release\ravatarplugin.tlog\link.command.1.tlog
c:\users\rafae\documents\github\creepytracker\ravatar-plugin\ravatarplugin\x64\release\ravatarplugin.tlog\link.read.1.tlog
c:\users\rafae\documents\github\creepytracker\ravatar-plugin\ravatarplugin\x64\release\ravatarplugin.tlog\link.write.1.tlog
c:\users\rafae\documents\github\creepytracker\ravatar-plugin\ravatarplugin\x64\release\ravatarplugin.tlog\ravatarplugin.write.1u.tlog
